   0 : Msg('EOF expected');
   1 : Msg('ident expected');
   2 : Msg('";" expected');
   3 : Msg('"." expected');
   4 : Msg('"PROGRAM" expected');
   5 : Msg('"BEGIN" expected');
   6 : Msg('"REPEAT" expected');
   7 : Msg('"otherstatement" expected');
   8 : Msg('"UNTIL" expected');
   9 : Msg('"CONDITION" expected');
  10 : Msg('"FOREVER" expected');
  11 : Msg('"IF" expected');
  12 : Msg('"THEN" expected');
  13 : Msg('"ELSE" expected');
  14 : Msg('"ENDIF" expected');
  15 : Msg('"END" expected');
  16 : Msg('not expected');
  17 : Msg('invalid ifTail');
  18 : Msg('invalid statement');
  19 : Msg('invalid tailRepeatStatement');
