   0 : Msg('EOF expected');
   1 : Msg('ident expected');
   2 : Msg('";" expected');
   3 : Msg('"." expected');
   4 : Msg('"PROGRAM" expected');
   5 : Msg('"BEGIN" expected');
   6 : Msg('"=" expected');
   7 : Msg('"using" expected');
   8 : Msg('"," expected');
   9 : Msg('"REPEAT" expected');
  10 : Msg('"otherstatement" expected');
  11 : Msg('"UNTIL" expected');
  12 : Msg('"CONDITION" expected');
  13 : Msg('"FOREVER" expected');
  14 : Msg('"IF" expected');
  15 : Msg('"THEN" expected');
  16 : Msg('"ELSE" expected');
  17 : Msg('"ENDIF" expected');
  18 : Msg('"END" expected');
  19 : Msg('not expected');
  20 : Msg('invalid ifTail');
  21 : Msg('invalid statement');
  22 : Msg('invalid tailRepeatStatement');
  23 : Msg('invalid list');
  24 : Msg('invalid usingClause');
